2020-02-03 11:06:36,747 DEBUG decos.py Была вызвана функция create_arg_parser c параметрами (), {}. Вызов из модуля __main__. Вызов из функции main().Вызов из функции main
2020-02-03 11:06:36,757 INFO client.py Запущен клиент с парамертами: адрес сервера: 127.0.0.1, порт: 7777
2020-02-03 11:06:36,758 DEBUG client.py Сформировано presence сообщение для пользователя Guest
2020-02-03 11:06:36,759 DEBUG decos.py Была вызвана функция create_presence c параметрами (), {}. Вызов из модуля __main__. Вызов из функции main().Вызов из функции main
2020-02-03 11:06:36,761 DEBUG decos.py Была вызвана функция send_message c параметрами (<socket.socket fd=284, family=AddressFamily.AF_INET, type=SocketKind.SOCK_STREAM, proto=0, laddr=('127.0.0.1', 53584), raddr=('127.0.0.1', 7777)>, {'action': 'presence', 'time': 1580709996.75855, 'user': {'account_name': 'Guest'}}), {}. Вызов из модуля common.utils. Вызов из функции main().Вызов из функции main
2020-02-03 11:06:36,762 DEBUG decos.py Была вызвана функция get_message c параметрами (<socket.socket fd=284, family=AddressFamily.AF_INET, type=SocketKind.SOCK_STREAM, proto=0, laddr=('127.0.0.1', 53584), raddr=('127.0.0.1', 7777)>,), {}. Вызов из модуля common.utils. Вызов из функции main().Вызов из функции main
2020-02-03 11:06:36,762 DEBUG client.py Разбор сообщения от сервера: {'response': 200}
2020-02-03 11:06:36,762 DEBUG decos.py Была вызвана функция process_ans c параметрами ({'response': 200},), {}. Вызов из модуля __main__. Вызов из функции main().Вызов из функции main
2020-02-03 11:06:36,762 INFO client.py Принят ответ от сервера 200 : OK
2020-12-21 12:26:03,363 DEBUG decos.py Была вызвана функция create_arg_parser c параметрами (), {}.
Вызов из модуля __main__.
Вызов из функции main

2020-12-21 12:26:03,374 INFO client.py Запущен клиент с парамертами: адрес сервера: 127.0.0.1, порт: 7777
2020-12-21 12:26:03,375 DEBUG decos.py Была вызвана функция create_presence c параметрами (), {}.
Вызов из модуля __main__.
Вызов из функции main

2020-12-21 12:26:03,375 DEBUG client.py Сформировано presence сообщение для пользователя Guest
2020-12-21 12:26:03,377 DEBUG decos.py Была вызвана функция process_ans c параметрами ({'response': 200},), {}.
Вызов из модуля __main__.
Вызов из функции main

2020-12-21 12:26:03,377 DEBUG client.py Разбор сообщения от сервера: {'response': 200}
2020-12-21 12:26:03,377 INFO client.py Принят ответ от сервера 200 : OK
---
2020-12-21 12:26:09,392 DEBUG decos.py Была вызвана функция create_arg_parser c параметрами (), {}.
Вызов из модуля __main__.
Вызов из функции main

2020-12-21 12:26:09,402 INFO client.py Запущен клиент с парамертами: адрес сервера: 127.0.0.1, порт: 7777
2020-12-21 12:26:09,403 DEBUG decos.py Была вызвана функция create_presence c параметрами (), {}.
Вызов из модуля __main__.
Вызов из функции main

2020-12-21 12:26:09,403 DEBUG client.py Сформировано presence сообщение для пользователя Guest
2020-12-21 12:26:09,405 DEBUG decos.py Была вызвана функция process_ans c параметрами ({'response': 200},), {}.
Вызов из модуля __main__.
Вызов из функции main

2020-12-21 12:26:09,405 DEBUG client.py Разбор сообщения от сервера: {'response': 200}
2020-12-21 12:26:09,405 INFO client.py Принят ответ от сервера 200 : OK
---
2020-12-23 19:38:15,278 DEBUG client.py Была вызвана функция create_arg_parser c параметрами (), {}.
Вызов из модуля __main__.
Вызов из функции main()
Вызов из функции main

2020-12-23 19:38:15,296 INFO client.py Запущен клиент с парамертами: адрес сервера: 127.0.0.1, порт: 7777
2020-12-23 19:38:15,297 DEBUG client.py Была вызвана функция create_presence c параметрами (), {}.
Вызов из модуля __main__.
Вызов из функции main()
Вызов из функции main

2020-12-23 19:38:15,298 DEBUG client.py Сформировано presence сообщение для пользователя Guest
2020-12-23 19:38:15,301 DEBUG client.py Была вызвана функция process_ans c параметрами ({'response': 200},), {}.
Вызов из модуля __main__.
Вызов из функции main()
Вызов из функции main

2020-12-23 19:38:15,301 DEBUG client.py Разбор сообщения от сервера: {'response': 200}
2020-12-23 19:38:15,301 INFO client.py Принят ответ от сервера 200 : OK
---
