2020-12-21 12:25:55,109 DEBUG decos.py Была вызвана функция create_arg_parser c параметрами (), {}.
Вызов из модуля __main__.
Вызов из функции main

2020-12-21 12:25:55,133 INFO server.py Запущен сервер, порт для подключений: 7777, адрес с которого принимаются подключения: . Если адрес не указан, принимаются соединения с любых адресов.
2020-12-21 12:26:03,375 INFO server.py Установлено соедение с ПК ('127.0.0.1', 43904)
2020-12-21 12:26:03,376 DEBUG server.py Получено сообщение {'action': 'presence', 'time': 1608528363.3759081, 'user': {'account_name': 'Guest'}}
2020-12-21 12:26:03,376 DEBUG decos.py Была вызвана функция process_client_message c параметрами ({'action': 'presence', 'time': 1608528363.3759081, 'user': {'account_name': 'Guest'}},), {}.
Вызов из модуля __main__.
Вызов из функции main

2020-12-21 12:26:03,376 DEBUG server.py Разбор сообщения от клиента : {'action': 'presence', 'time': 1608528363.3759081, 'user': {'account_name': 'Guest'}}
2020-12-21 12:26:03,376 INFO server.py Cформирован ответ клиенту {'response': 200}
2020-12-21 12:26:03,377 DEBUG server.py Соединение с клиентом ('127.0.0.1', 43904) закрывается.
---
2020-12-21 12:26:09,403 INFO server.py Установлено соедение с ПК ('127.0.0.1', 43906)
2020-12-21 12:26:09,403 DEBUG server.py Получено сообщение {'action': 'presence', 'time': 1608528369.40364, 'user': {'account_name': 'Guest'}}
2020-12-21 12:26:09,404 DEBUG decos.py Была вызвана функция process_client_message c параметрами ({'action': 'presence', 'time': 1608528369.40364, 'user': {'account_name': 'Guest'}},), {}.
Вызов из модуля __main__.
Вызов из функции main

2020-12-21 12:26:09,404 DEBUG server.py Разбор сообщения от клиента : {'action': 'presence', 'time': 1608528369.40364, 'user': {'account_name': 'Guest'}}
2020-12-21 12:26:09,404 INFO server.py Cформирован ответ клиенту {'response': 200}
2020-12-21 12:26:09,404 DEBUG server.py Соединение с клиентом ('127.0.0.1', 43906) закрывается.
---
